This file contains any messages produced by compilers while
running configure, to aid debugging if configure makes a mistake.

It was created by swig configure 3.0.12, which was
generated by GNU Autoconf 2.69.  Invocation command line was

  $ ./configure 

## --------- ##
## Platform. ##
## --------- ##

hostname = pclee4
uname -m = x86_64
uname -r = 5.8.0-29-generic
uname -s = Linux
uname -v = #31-Ubuntu SMP Fri Nov 6 12:37:59 UTC 2020

/usr/bin/uname -p = x86_64
/bin/uname -X     = unknown

/bin/arch              = x86_64
/usr/bin/arch -k       = unknown
/usr/convex/getsysinfo = unknown
/usr/bin/hostinfo      = unknown
/bin/machine           = unknown
/usr/bin/oslevel       = unknown
/bin/universe          = unknown

PATH: /usr/local/sbin
PATH: /usr/local/bin
PATH: /usr/sbin
PATH: /usr/bin
PATH: /sbin
PATH: /bin
PATH: /usr/games
PATH: /usr/local/games
PATH: /snap/bin


## ----------- ##
## Core tests. ##
## ----------- ##

configure:2827: checking build system type
configure:2841: result: x86_64-pc-linux-gnu
configure:2861: checking host system type
configure:2874: result: x86_64-pc-linux-gnu
configure:2910: checking for a BSD-compatible install
configure:2978: result: /usr/bin/install -c
configure:2989: checking whether build environment is sane
configure:3044: result: yes
configure:3193: checking for a thread-safe mkdir -p
configure:3232: result: /usr/bin/mkdir -p
configure:3239: checking for gawk
configure:3269: result: no
configure:3239: checking for mawk
configure:3255: found /usr/bin/mawk
configure:3266: result: mawk
configure:3277: checking whether make sets $(MAKE)
configure:3299: result: yes
configure:3328: checking whether make supports nested variables
configure:3345: result: yes
configure:3522: checking for gcc
configure:3538: found /usr/bin/gcc
configure:3549: result: gcc
configure:3778: checking for C compiler version
configure:3787: gcc --version >&5
gcc (Ubuntu 10.2.0-13ubuntu1) 10.2.0
Copyright (C) 2020 Free Software Foundation, Inc.
This is free software; see the source for copying conditions.  There is NO
warranty; not even for MERCHANTABILITY or FITNESS FOR A PARTICULAR PURPOSE.

configure:3798: $? = 0
configure:3787: gcc -v >&5
Using built-in specs.
COLLECT_GCC=gcc
COLLECT_LTO_WRAPPER=/usr/lib/gcc/x86_64-linux-gnu/10/lto-wrapper
OFFLOAD_TARGET_NAMES=nvptx-none:amdgcn-amdhsa:hsa
OFFLOAD_TARGET_DEFAULT=1
Target: x86_64-linux-gnu
Configured with: ../src/configure -v --with-pkgversion='Ubuntu 10.2.0-13ubuntu1' --with-bugurl=file:///usr/share/doc/gcc-10/README.Bugs --enable-languages=c,ada,c++,go,brig,d,fortran,objc,obj-c++,m2 --prefix=/usr --with-gcc-major-version-only --program-suffix=-10 --program-prefix=x86_64-linux-gnu- --enable-shared --enable-linker-build-id --libexecdir=/usr/lib --without-included-gettext --enable-threads=posix --libdir=/usr/lib --enable-nls --enable-clocale=gnu --enable-libstdcxx-debug --enable-libstdcxx-time=yes --with-default-libstdcxx-abi=new --enable-gnu-unique-object --disable-vtable-verify --enable-plugin --enable-default-pie --with-system-zlib --enable-libphobos-checking=release --with-target-system-zlib=auto --enable-objc-gc=auto --enable-multiarch --disable-werror --with-arch-32=i686 --with-abi=m64 --with-multilib-list=m32,m64,mx32 --enable-multilib --with-tune=generic --enable-offload-targets=nvptx-none=/build/gcc-10-JvwpWM/gcc-10-10.2.0/debian/tmp-nvptx/usr,amdgcn-amdhsa=/build/gcc-10-JvwpWM/gcc-10-10.2.0/debian/tmp-gcn/usr,hsa --without-cuda-driver --enable-checking=release --build=x86_64-linux-gnu --host=x86_64-linux-gnu --target=x86_64-linux-gnu
Thread model: posix
Supported LTO compression algorithms: zlib zstd
gcc version 10.2.0 (Ubuntu 10.2.0-13ubuntu1) 
... rest of stderr output deleted ...
configure:3798: $? = 0
configure:3787: gcc -V >&5
gcc: error: unrecognized command-line option '-V'
gcc: fatal error: no input files
compilation terminated.
configure:3798: $? = 1
configure:3787: gcc -qversion >&5
gcc: error: unrecognized command-line option '-qversion'; did you mean '--version'?
gcc: fatal error: no input files
compilation terminated.
configure:3798: $? = 1
configure:3818: checking whether the C compiler works
configure:3840: gcc    conftest.c  >&5
configure:3844: $? = 0
configure:3892: result: yes
configure:3895: checking for C compiler default output file name
configure:3897: result: a.out
configure:3903: checking for suffix of executables
configure:3910: gcc -o conftest    conftest.c  >&5
configure:3914: $? = 0
configure:3936: result: 
configure:3958: checking whether we are cross compiling
configure:3966: gcc -o conftest    conftest.c  >&5
configure:3970: $? = 0
configure:3977: ./conftest
configure:3981: $? = 0
configure:3969: result: no
configure:3974: checking for suffix of object files
configure:3996: gcc -c   conftest.c >&5
configure:4000: $? = 0
configure:4021: result: o
configure:4025: checking whether we are using the GNU C compiler
configure:4044: gcc -c   conftest.c >&5
configure:4044: $? = 0
configure:4053: result: yes
configure:4062: checking whether gcc accepts -g
configure:4082: gcc -c -g  conftest.c >&5
configure:4082: $? = 0
configure:4123: result: yes
configure:4140: checking for gcc option to accept ISO C89
configure:4203: gcc  -c -g -O2  conftest.c >&5
configure:4203: $? = 0
configure:4216: result: none needed
configure:4241: checking whether gcc understands -c and -o together
configure:4263: gcc -c conftest.c -o conftest2.o
configure:4266: $? = 0
configure:4263: gcc -c conftest.c -o conftest2.o
configure:4266: $? = 0
configure:4278: result: yes
configure:4298: checking whether make supports the include directive
configure:4313: make -f confmf.GNU && cat confinc.out
this is the am__doit target
configure:4316: $? = 0
configure:4335: result: yes (GNU style)
configure:4360: checking dependency style of gcc
configure:4471: result: gcc3
configure:4544: checking for g++
configure:4560: found /usr/bin/g++
configure:4571: result: g++
configure:4598: checking for C++ compiler version
configure:4607: g++ --version >&5
g++ (Ubuntu 10.2.0-13ubuntu1) 10.2.0
Copyright (C) 2020 Free Software Foundation, Inc.
This is free software; see the source for copying conditions.  There is NO
warranty; not even for MERCHANTABILITY or FITNESS FOR A PARTICULAR PURPOSE.

configure:4618: $? = 0
configure:4607: g++ -v >&5
Using built-in specs.
COLLECT_GCC=g++
COLLECT_LTO_WRAPPER=/usr/lib/gcc/x86_64-linux-gnu/10/lto-wrapper
OFFLOAD_TARGET_NAMES=nvptx-none:amdgcn-amdhsa:hsa
OFFLOAD_TARGET_DEFAULT=1
Target: x86_64-linux-gnu
Configured with: ../src/configure -v --with-pkgversion='Ubuntu 10.2.0-13ubuntu1' --with-bugurl=file:///usr/share/doc/gcc-10/README.Bugs --enable-languages=c,ada,c++,go,brig,d,fortran,objc,obj-c++,m2 --prefix=/usr --with-gcc-major-version-only --program-suffix=-10 --program-prefix=x86_64-linux-gnu- --enable-shared --enable-linker-build-id --libexecdir=/usr/lib --without-included-gettext --enable-threads=posix --libdir=/usr/lib --enable-nls --enable-clocale=gnu --enable-libstdcxx-debug --enable-libstdcxx-time=yes --with-default-libstdcxx-abi=new --enable-gnu-unique-object --disable-vtable-verify --enable-plugin --enable-default-pie --with-system-zlib --enable-libphobos-checking=release --with-target-system-zlib=auto --enable-objc-gc=auto --enable-multiarch --disable-werror --with-arch-32=i686 --with-abi=m64 --with-multilib-list=m32,m64,mx32 --enable-multilib --with-tune=generic --enable-offload-targets=nvptx-none=/build/gcc-10-JvwpWM/gcc-10-10.2.0/debian/tmp-nvptx/usr,amdgcn-amdhsa=/build/gcc-10-JvwpWM/gcc-10-10.2.0/debian/tmp-gcn/usr,hsa --without-cuda-driver --enable-checking=release --build=x86_64-linux-gnu --host=x86_64-linux-gnu --target=x86_64-linux-gnu
Thread model: posix
Supported LTO compression algorithms: zlib zstd
gcc version 10.2.0 (Ubuntu 10.2.0-13ubuntu1) 
... rest of stderr output deleted ...
configure:4618: $? = 0
configure:4607: g++ -V >&5
g++: error: unrecognized command-line option '-V'
g++: fatal error: no input files
compilation terminated.
configure:4618: $? = 1
configure:4607: g++ -qversion >&5
g++: error: unrecognized command-line option '-qversion'; did you mean '--version'?
g++: fatal error: no input files
compilation terminated.
configure:4618: $? = 1
configure:4622: checking whether we are using the GNU C++ compiler
configure:4641: g++ -c   conftest.cpp >&5
configure:4641: $? = 0
configure:4650: result: yes
configure:4659: checking whether g++ accepts -g
configure:4679: g++ -c -g  conftest.cpp >&5
configure:4679: $? = 0
configure:4720: result: yes
configure:4745: checking dependency style of g++
configure:4856: result: gcc3
configure:4876: checking maximum warning verbosity option
configure:4914: result: -Wall -W -ansi -pedantic for C++ -Wall -W -ansi -pedantic for C
configure:4937: checking how to run the C preprocessor
configure:4968: gcc -E  conftest.c
configure:4968: $? = 0
configure:4982: gcc -E  conftest.c
conftest.c:13:10: fatal error: ac_nonexistent.h: No such file or directory
   13 | #include <ac_nonexistent.h>
      |          ^~~~~~~~~~~~~~~~~~
compilation terminated.
configure:4982: $? = 1
configure: failed program was:
| /* confdefs.h */
| #define PACKAGE_NAME "swig"
| #define PACKAGE_TARNAME "swig"
| #define PACKAGE_VERSION "3.0.12"
| #define PACKAGE_STRING "swig 3.0.12"
| #define PACKAGE_BUGREPORT "http://www.swig.org"
| #define PACKAGE_URL ""
| #define PACKAGE "swig"
| #define VERSION "3.0.12"
| #define SWIG_CXX "g++"
| #define SWIG_PLATFORM "x86_64-pc-linux-gnu"
| /* end confdefs.h.  */
| #include <ac_nonexistent.h>
configure:5007: result: gcc -E
configure:5027: gcc -E  conftest.c
configure:5027: $? = 0
configure:5041: gcc -E  conftest.c
conftest.c:13:10: fatal error: ac_nonexistent.h: No such file or directory
   13 | #include <ac_nonexistent.h>
      |          ^~~~~~~~~~~~~~~~~~
compilation terminated.
configure:5041: $? = 1
configure: failed program was:
| /* confdefs.h */
| #define PACKAGE_NAME "swig"
| #define PACKAGE_TARNAME "swig"
| #define PACKAGE_VERSION "3.0.12"
| #define PACKAGE_STRING "swig 3.0.12"
| #define PACKAGE_BUGREPORT "http://www.swig.org"
| #define PACKAGE_URL ""
| #define PACKAGE "swig"
| #define VERSION "3.0.12"
| #define SWIG_CXX "g++"
| #define SWIG_PLATFORM "x86_64-pc-linux-gnu"
| /* end confdefs.h.  */
| #include <ac_nonexistent.h>
configure:5070: checking for grep that handles long lines and -e
configure:5128: result: /usr/bin/grep
configure:5133: checking for egrep
configure:5195: result: /usr/bin/grep -E
configure:5200: checking for ANSI C header files
configure:5220: gcc -c -g -O2 -Wall -W -ansi -pedantic  conftest.c >&5
configure:5220: $? = 0
configure:5293: gcc -o conftest -g -O2 -Wall -W -ansi -pedantic   conftest.c  >&5
configure:5293: $? = 0
configure:5293: ./conftest
configure:5293: $? = 0
configure:5304: result: yes
configure:5323: checking for popen
configure:5323: gcc -o conftest -g -O2 -Wall -W -ansi -pedantic   conftest.c  >&5
configure:5323: $? = 0
configure:5323: result: yes
configure:5347: checking whether to enable PCRE support
configure:5349: result: yes
configure:5353: checking whether to use local PCRE
configure:5362: result: no
configure:5365: checking for a sed that does not truncate output
configure:5429: result: /usr/bin/sed
configure:5499: checking for pcre-config
configure:5517: found /usr/bin/pcre-config
configure:5529: result: /usr/bin/pcre-config
configure:5699: checking whether to enable ccache-swig
configure:5701: result: yes
configure:5723: checking for bison
configure:5739: found /usr/bin/bison
configure:5750: result: bison -y
configure:5818: checking for boostlib >= 1.20.0
configure:5901: g++ -c -g -O2 -Wall -W -ansi -pedantic    conftest.cpp >&5
conftest.cpp:17:14: fatal error: boost/version.hpp: No such file or directory
   17 |     #include <boost/version.hpp>
      |              ^~~~~~~~~~~~~~~~~~~
compilation terminated.
configure:5901: $? = 1
configure: failed program was:
| /* confdefs.h */
| #define PACKAGE_NAME "swig"
| #define PACKAGE_TARNAME "swig"
| #define PACKAGE_VERSION "3.0.12"
| #define PACKAGE_STRING "swig 3.0.12"
| #define PACKAGE_BUGREPORT "http://www.swig.org"
| #define PACKAGE_URL ""
| #define PACKAGE "swig"
| #define VERSION "3.0.12"
| #define SWIG_CXX "g++"
| #define SWIG_PLATFORM "x86_64-pc-linux-gnu"
| #define STDC_HEADERS 1
| #define HAVE_POPEN 1
| #define HAVE_PCRE 1
| /* end confdefs.h.  */
| 
|     #include <boost/version.hpp>
| 
| int
| main ()
| {
| 
|     #if BOOST_VERSION >= 102000
|     // Everything is okay
|     #else
|     #  error Boost version is too old
|     #endif
| 
|   ;
|   return 0;
| }
configure:6016: g++ -c -g -O2 -Wall -W -ansi -pedantic   -I/include/boost-0 conftest.cpp >&5
conftest.cpp:17:18: fatal error: boost/version.hpp: No such file or directory
   17 |         #include <boost/version.hpp>
      |                  ^~~~~~~~~~~~~~~~~~~
compilation terminated.
configure:6016: $? = 1
configure: failed program was:
| /* confdefs.h */
| #define PACKAGE_NAME "swig"
| #define PACKAGE_TARNAME "swig"
| #define PACKAGE_VERSION "3.0.12"
| #define PACKAGE_STRING "swig 3.0.12"
| #define PACKAGE_BUGREPORT "http://www.swig.org"
| #define PACKAGE_URL ""
| #define PACKAGE "swig"
| #define VERSION "3.0.12"
| #define SWIG_CXX "g++"
| #define SWIG_PLATFORM "x86_64-pc-linux-gnu"
| #define STDC_HEADERS 1
| #define HAVE_POPEN 1
| #define HAVE_PCRE 1
| /* end confdefs.h.  */
| 
|         #include <boost/version.hpp>
| 
| int
| main ()
| {
| 
|         #if BOOST_VERSION >= 102000
|         // Everything is okay
|         #else
|         #  error Boost version is too old
|         #endif
| 
|   ;
|   return 0;
| }
configure:6035: We could not detect the boost libraries (version 1.20 or higher). If you have a staged boost library (still not installed) please specify $BOOST_ROOT in your environment and do not give a PATH to --with-boost option.  If you are sure you have boost installed, then check your version number looking in <boost/version.hpp>. See http://randspringer.de/boost for more documentation.
configure:6066: ISYSTEM: -isystem 
configure:6071: checking SO
configure:6082: result: .so
configure:6089: checking LDSHARED
configure:6138: result: gcc -shared
configure:6144: checking CXXSHARED
configure:6150: result: gcc -shared
configure:6154: checking TRYLINKINGWITHCXX
configure:6179: result: CXXSHARED= g++ -shared 
configure:6183: checking CCSHARED
configure:6204: result: -fpic
configure:6208: checking RPATH
configure:6219: result: -Xlinker -rpath $(exec_prefix)/lib -Xlinker -rpath .
configure:6225: checking LINKFORSHARED
configure:6239: result: -Xlinker -export-dynamic
configure:6243: checking PLATCFLAGS
configure:6253: result: 
configure:6264: checking whether to enable C++11 testing
configure:6266: result: no
configure:6466: checking for dlopen in -ldl
configure:6491: gcc -o conftest -g -O2 -Wall -W -ansi -pedantic    conftest.c -ldl   -lpcre >&5
configure:6491: $? = 0
configure:6500: result: yes
configure:6511: checking for shl_load in -ldld
configure:6536: gcc -o conftest -g -O2 -Wall -W -ansi -pedantic    conftest.c -ldld  -ldl  -lpcre >&5
/usr/bin/ld: cannot find -ldld
collect2: error: ld returned 1 exit status
configure:6536: $? = 1
configure: failed program was:
| /* confdefs.h */
| #define PACKAGE_NAME "swig"
| #define PACKAGE_TARNAME "swig"
| #define PACKAGE_VERSION "3.0.12"
| #define PACKAGE_STRING "swig 3.0.12"
| #define PACKAGE_BUGREPORT "http://www.swig.org"
| #define PACKAGE_URL ""
| #define PACKAGE "swig"
| #define VERSION "3.0.12"
| #define SWIG_CXX "g++"
| #define SWIG_PLATFORM "x86_64-pc-linux-gnu"
| #define STDC_HEADERS 1
| #define HAVE_POPEN 1
| #define HAVE_PCRE 1
| #define HAVE_LIBDL 1
| /* end confdefs.h.  */
| 
| /* Override any GCC internal prototype to avoid an error.
|    Use char because int might match the return type of a GCC
|    builtin and then its argument prototype would still apply.  */
| #ifdef __cplusplus
| extern "C"
| #endif
| char shl_load ();
| int
| main ()
| {
| return shl_load ();
|   ;
|   return 0;
| }
configure:6545: result: no
configure:6557: checking for library containing t_open
configure:6588: gcc -o conftest -g -O2 -Wall -W -ansi -pedantic    conftest.c -ldl  -lpcre >&5
/usr/bin/ld: /tmp/ccyTtPWk.o: in function `main':
/home/pclee/Desktop/workarea/py4-install/swig-3.0.12/conftest.c:28: undefined reference to `t_open'
collect2: error: ld returned 1 exit status
configure:6588: $? = 1
configure: failed program was:
| /* confdefs.h */
| #define PACKAGE_NAME "swig"
| #define PACKAGE_TARNAME "swig"
| #define PACKAGE_VERSION "3.0.12"
| #define PACKAGE_STRING "swig 3.0.12"
| #define PACKAGE_BUGREPORT "http://www.swig.org"
| #define PACKAGE_URL ""
| #define PACKAGE "swig"
| #define VERSION "3.0.12"
| #define SWIG_CXX "g++"
| #define SWIG_PLATFORM "x86_64-pc-linux-gnu"
| #define STDC_HEADERS 1
| #define HAVE_POPEN 1
| #define HAVE_PCRE 1
| #define HAVE_LIBDL 1
| /* end confdefs.h.  */
| 
| /* Override any GCC internal prototype to avoid an error.
|    Use char because int might match the return type of a GCC
|    builtin and then its argument prototype would still apply.  */
| #ifdef __cplusplus
| extern "C"
| #endif
| char t_open ();
| int
| main ()
| {
| return t_open ();
|   ;
|   return 0;
| }
configure:6588: gcc -o conftest -g -O2 -Wall -W -ansi -pedantic    conftest.c -lnsl  -ldl  -lpcre >&5
/usr/bin/ld: /tmp/ccqARw9j.o: in function `main':
/home/pclee/Desktop/workarea/py4-install/swig-3.0.12/conftest.c:28: undefined reference to `t_open'
collect2: error: ld returned 1 exit status
configure:6588: $? = 1
configure: failed program was:
| /* confdefs.h */
| #define PACKAGE_NAME "swig"
| #define PACKAGE_TARNAME "swig"
| #define PACKAGE_VERSION "3.0.12"
| #define PACKAGE_STRING "swig 3.0.12"
| #define PACKAGE_BUGREPORT "http://www.swig.org"
| #define PACKAGE_URL ""
| #define PACKAGE "swig"
| #define VERSION "3.0.12"
| #define SWIG_CXX "g++"
| #define SWIG_PLATFORM "x86_64-pc-linux-gnu"
| #define STDC_HEADERS 1
| #define HAVE_POPEN 1
| #define HAVE_PCRE 1
| #define HAVE_LIBDL 1
| /* end confdefs.h.  */
| 
| /* Override any GCC internal prototype to avoid an error.
|    Use char because int might match the return type of a GCC
|    builtin and then its argument prototype would still apply.  */
| #ifdef __cplusplus
| extern "C"
| #endif
| char t_open ();
| int
| main ()
| {
| return t_open ();
|   ;
|   return 0;
| }
configure:6605: result: no
configure:6613: checking for library containing gethostbyname
configure:6644: gcc -o conftest -g -O2 -Wall -W -ansi -pedantic    conftest.c -ldl  -lpcre >&5
configure:6644: $? = 0
configure:6661: result: none required
configure:6669: checking for library containing socket
configure:6700: gcc -o conftest -g -O2 -Wall -W -ansi -pedantic    conftest.c -ldl  -lpcre >&5
configure:6700: $? = 0
configure:6717: result: none required
configure:6726: checking for swill_init in -lswill
configure:6751: gcc -o conftest -g -O2 -Wall -W -ansi -pedantic    conftest.c -lswill  -ldl  -lpcre >&5
/usr/bin/ld: cannot find -lswill
collect2: error: ld returned 1 exit status
configure:6751: $? = 1
configure: failed program was:
| /* confdefs.h */
| #define PACKAGE_NAME "swig"
| #define PACKAGE_TARNAME "swig"
| #define PACKAGE_VERSION "3.0.12"
| #define PACKAGE_STRING "swig 3.0.12"
| #define PACKAGE_BUGREPORT "http://www.swig.org"
| #define PACKAGE_URL ""
| #define PACKAGE "swig"
| #define VERSION "3.0.12"
| #define SWIG_CXX "g++"
| #define SWIG_PLATFORM "x86_64-pc-linux-gnu"
| #define STDC_HEADERS 1
| #define HAVE_POPEN 1
| #define HAVE_PCRE 1
| #define HAVE_LIBDL 1
| /* end confdefs.h.  */
| 
| /* Override any GCC internal prototype to avoid an error.
|    Use char because int might match the return type of a GCC
|    builtin and then its argument prototype would still apply.  */
| #ifdef __cplusplus
| extern "C"
| #endif
| char swill_init ();
| int
| main ()
| {
| return swill_init ();
|   ;
|   return 0;
| }
configure:6760: result: no
configure:6782: checking for main in -lieee
configure:6801: gcc -o conftest -g -O2 -Wall -W -ansi -pedantic    conftest.c -lieee  -ldl  -lpcre >&5
/usr/bin/ld: cannot find -lieee
collect2: error: ld returned 1 exit status
configure:6801: $? = 1
configure: failed program was:
| /* confdefs.h */
| #define PACKAGE_NAME "swig"
| #define PACKAGE_TARNAME "swig"
| #define PACKAGE_VERSION "3.0.12"
| #define PACKAGE_STRING "swig 3.0.12"
| #define PACKAGE_BUGREPORT "http://www.swig.org"
| #define PACKAGE_URL ""
| #define PACKAGE "swig"
| #define VERSION "3.0.12"
| #define SWIG_CXX "g++"
| #define SWIG_PLATFORM "x86_64-pc-linux-gnu"
| #define STDC_HEADERS 1
| #define HAVE_POPEN 1
| #define HAVE_PCRE 1
| #define HAVE_LIBDL 1
| /* end confdefs.h.  */
| 
| 
| int
| main ()
| {
| return main ();
|   ;
|   return 0;
| }
configure:6810: result: no
configure:6816: checking for crypt in -lcrypt
configure:6841: gcc -o conftest -g -O2 -Wall -W -ansi -pedantic    conftest.c -lcrypt  -ldl  -lpcre >&5
configure:6841: $? = 0
configure:6850: result: yes
configure:6892: checking for pkg-config
configure:6908: found /usr/bin/pkg-config
configure:6919: result: pkg-config
configure:6980: checking for Tcl configuration
configure:7003: result: no
configure:7029: checking for Tcl header files
configure:7036: gcc -E   conftest.c
conftest.c:17:10: fatal error: tcl.h: No such file or directory
   17 | #include <tcl.h>
      |          ^~~~~~~
compilation terminated.
configure:7036: $? = 1
configure: failed program was:
| /* confdefs.h */
| #define PACKAGE_NAME "swig"
| #define PACKAGE_TARNAME "swig"
| #define PACKAGE_VERSION "3.0.12"
| #define PACKAGE_STRING "swig 3.0.12"
| #define PACKAGE_BUGREPORT "http://www.swig.org"
| #define PACKAGE_URL ""
| #define PACKAGE "swig"
| #define VERSION "3.0.12"
| #define SWIG_CXX "g++"
| #define SWIG_PLATFORM "x86_64-pc-linux-gnu"
| #define STDC_HEADERS 1
| #define HAVE_POPEN 1
| #define HAVE_PCRE 1
| #define HAVE_LIBDL 1
| /* end confdefs.h.  */
| #include <tcl.h>
configure:7054: result: not found
configure:7062: checking for Tcl library
configure:7075: result: not found
configure:7137: checking for python
configure:7167: result: no
configure:7137: checking for python2.8
configure:7167: result: no
configure:7137: checking for python2.7
configure:7167: result: no
configure:7137: checking for python2.6
configure:7167: result: no
configure:7137: checking for python2.5
configure:7167: result: no
configure:7137: checking for python2.4
configure:7167: result: no
configure:7137: checking for python2.3
configure:7167: result: no
configure:7137: checking for python2.2
configure:7167: result: no
configure:7137: checking for python2.1
configure:7167: result: no
configure:7137: checking for python2.0
configure:7167: result: no
configure:7356: checking for python3
configure:7372: found /usr/bin/python3
configure:7383: result: python3
configure:7399: checking for python3-config
configure:7415: found /usr/bin/python3-config
configure:7426: result: python3-config
configure:7490: checking for python3 major version number
configure:7493: result: 3
configure:7501: checking for Python 3.x os.name
configure:7504: result: posix
configure:7554: checking for Python 3.x prefix
configure:7557: result: /usr
configure:7559: checking for Python 3.x exec-prefix
configure:7562: result: /usr
configure:7568: checking for Python 3.x version
configure:7574: result: python3.8
configure:7579: checking for Python 3.x lib dir
configure:7586: result: lib
configure:7591: checking for Python 3.x header files
configure:7594: result: -I/usr/include/python3.8 -I/usr/include/python3.8
configure:7598: checking for Python 3.x library directory
configure:7608: result: Not found
configure:7617: checking for Python 3.x library
configure:7623: result: -lpython3.8
configure:7649: checking for pep8
configure:7679: result: no
configure:7725: checking for perl
configure:7741: found /usr/bin/perl
configure:7752: result: perl
configure:7770: checking for Perl5 header files
configure:7779: result: /usr/lib/x86_64-linux-gnu/perl/5.30/CORE
configure:7791: checking for Perl5 library
configure:7798: result: perl
configure:7801: checking for Perl5 ccflags
configure:7808: result: -D_REENTRANT -D_GNU_SOURCE -DDEBIAN -fwrapv -fno-strict-aliasing -pipe -isystem /usr/local/include -D_LARGEFILE_SOURCE -D_FILE_OFFSET_BITS=64
configure:7811: checking for Perl5 ccdlflags
configure:7818: result: -Wl,-E
configure:7821: checking for Perl5 cccdlflags
configure:7828: result: -fPIC
configure:7831: checking for Perl5 ldflags
configure:7838: result:  -fstack-protector-strong -L/usr/local/lib
configure:7841: checking for Perl5 Test::More module
configure:7848: result: found
configure:7903: checking for octave-cli
configure:7936: result: no
configure:8111: checking for scilab
configure:8141: result: no
configure:8281: checking for java JDK
configure:8315: result: no (JAVA_HOME is not defined)
configure:8327: checking for java
configure:8357: result: no
configure:8327: checking for kaffe
configure:8357: result: no
configure:8327: checking for guavac
configure:8357: result: no
configure:8378: checking for javac
configure:8408: result: no
configure:8421: checking for java include file jni.h
configure:8462: result: not found
configure:8601: checking for nodejs
configure:8631: result: no
configure:8601: checking for node
configure:8631: result: no
configure:8694: checking for JavaScriptCore/JavaScript.h
configure:8734: result: not found
configure:8749: checking for JavaScriptCore/Webkit library
configure:8756: result: not found
configure:8772: checking for V8 Javascript v8.h
configure:8805: result: not found
configure:8813: checking for V8 Javascript library
configure:8834: result: not found
configure:8905: checking for gcj
configure:8935: result: no
configure:8952: checking for gcjh
configure:8982: result: no
configure:9046: checking for android
configure:9076: result: no
configure:9093: checking for adb
configure:9123: result: no
configure:9140: checking for ant
configure:9170: result: no
configure:9187: checking for ndk-build
configure:9217: result: no
configure:9283: checking for guile-config
configure:9316: result: no
configure:9443: checking for mzscheme
configure:9476: result: no
configure:9488: checking for mzc
configure:9521: result: no
configure:9580: checking for ruby
configure:9610: result: no
configure:9622: checking for Ruby header files
configure:9721: result: could not figure out how to run ruby
configure:9764: checking for php5
configure:9794: result: no
configure:9764: checking for php
configure:9794: result: no
configure:9865: checking for php7.1
configure:9895: result: no
configure:9865: checking for php7.0
configure:9895: result: no
configure:9865: checking for php
configure:9895: result: no
configure:9999: checking for Ocaml DL load generator
configure:10006: checking for ocamldlgen
configure:10036: result: no
configure:10046: checking for Ocaml package tool
configure:10053: checking for ocamlfind
configure:10083: result: no
configure:10093: checking for Ocaml compiler
configure:10100: checking for ocamlc
configure:10130: result: no
configure:10140: checking for Ocaml toplevel creator
configure:10147: checking for ocamlmktop
configure:10177: result: no
configure:10187: checking for Ocaml Pre-Processor-Pretty-Printer
configure:10194: checking for camlp4
configure:10224: result: no
configure:10269: checking for pike
configure:10299: result: no
configure:10269: checking for pike7.8
configure:10299: result: no
configure:10269: checking for pike7.6
configure:10299: result: no
configure:10269: checking for pike7.4
configure:10299: result: no
configure:10269: checking for pike7.2
configure:10299: result: no
configure:10438: checking for chicken
configure:10468: result: no
configure:10494: checking for csc
configure:10524: result: no
configure:10561: checking for csi
configure:10591: result: no
configure:10827: checking for mono-csc
configure:10857: result: no
configure:10827: checking for gmcs
configure:10857: result: no
configure:10827: checking for mcs
configure:10857: result: no
configure:10827: checking for cscc
configure:10857: result: no
configure:11086: checking for lua5.4
configure:11119: result: no
configure:11086: checking for lua5.3
configure:11119: result: no
configure:11086: checking for lua5.2
configure:11119: result: no
configure:11086: checking for lua5.1
configure:11119: result: no
configure:11086: checking for lua
configure:11119: result: no
configure:11382: checking for alisp
configure:11415: result: no
configure:11451: checking for clisp
configure:11484: result: no
configure:11520: checking for R
configure:11553: result: no
configure:11597: checking for go
configure:11627: result: no
configure:11703: checking for gccgo
configure:11733: result: no
configure:11862: checking for dmd
configure:11892: result: no
configure:11862: checking for ldmd
configure:11892: result: no
configure:11862: checking for gdmd
configure:11892: result: no
configure:11947: checking for dmd
configure:11977: result: no
configure:11947: checking for gdmd
configure:11977: result: no
configure:12461: checking that generated files are newer than configure
configure:12467: result: done
configure:12494: creating ./config.status

## ---------------------- ##
## Running config.status. ##
## ---------------------- ##

This file was extended by swig config.status 3.0.12, which was
generated by GNU Autoconf 2.69.  Invocation command line was

  CONFIG_FILES    = 
  CONFIG_HEADERS  = 
  CONFIG_LINKS    = 
  CONFIG_COMMANDS = 
  $ ./config.status 

on pclee4

config.status:1087: creating Makefile
config.status:1087: creating swig.spec
config.status:1087: creating Examples/Makefile
config.status:1087: creating Examples/d/example.mk
config.status:1087: creating Examples/xml/Makefile
config.status:1087: creating Examples/test-suite/errors/Makefile
config.status:1087: creating Examples/test-suite/chicken/Makefile
config.status:1087: creating Examples/test-suite/csharp/Makefile
config.status:1087: creating Examples/test-suite/d/Makefile
config.status:1087: creating Examples/test-suite/guile/Makefile
config.status:1087: creating Examples/test-suite/java/Makefile
config.status:1087: creating Examples/test-suite/javascript/Makefile
config.status:1087: creating Examples/test-suite/mzscheme/Makefile
config.status:1087: creating Examples/test-suite/ocaml/Makefile
config.status:1087: creating Examples/test-suite/octave/Makefile
config.status:1087: creating Examples/test-suite/perl5/Makefile
config.status:1087: creating Examples/test-suite/php/Makefile
config.status:1087: creating Examples/test-suite/php5/Makefile
config.status:1087: creating Examples/test-suite/pike/Makefile
config.status:1087: creating Examples/test-suite/python/Makefile
config.status:1087: creating Examples/test-suite/ruby/Makefile
config.status:1087: creating Examples/test-suite/scilab/Makefile
config.status:1087: creating Examples/test-suite/tcl/Makefile
config.status:1087: creating Examples/test-suite/lua/Makefile
config.status:1087: creating Examples/test-suite/allegrocl/Makefile
config.status:1087: creating Examples/test-suite/clisp/Makefile
config.status:1087: creating Examples/test-suite/cffi/Makefile
config.status:1087: creating Examples/test-suite/uffi/Makefile
config.status:1087: creating Examples/test-suite/r/Makefile
config.status:1087: creating Examples/test-suite/go/Makefile
config.status:1087: creating Source/Makefile
config.status:1087: creating Tools/javascript/Makefile
config.status:1087: creating preinst-swig
config.status:1087: creating CCache/ccache_swig_config.h
config.status:1087: creating Source/Include/swigconfig.h
config.status:1268: Source/Include/swigconfig.h is unchanged
config.status:1316: executing depfiles commands
config.status:1393: cd Source       && sed -e '/# am--include-marker/d' Makefile         | make -f - am--depfiles
make: Nothing to be done for 'am--depfiles'.
config.status:1398: $? = 0
config.status:1316: executing Examples commands
configure:13939: === configuring in CCache (/home/pclee/Desktop/workarea/py4-install/swig-3.0.12/CCache)
configure:14002: running /bin/bash ./configure --disable-option-checking '--prefix=/usr/local'  --cache-file=/dev/null --srcdir=.

## ---------------- ##
## Cache variables. ##
## ---------------- ##

ac_cv_build=x86_64-pc-linux-gnu
ac_cv_c_compiler_gnu=yes
ac_cv_cxx_compiler_gnu=yes
ac_cv_env_CCC_set=
ac_cv_env_CCC_value=
ac_cv_env_CC_set=
ac_cv_env_CC_value=
ac_cv_env_CFLAGS_set=
ac_cv_env_CFLAGS_value=
ac_cv_env_CPPFLAGS_set=
ac_cv_env_CPPFLAGS_value=
ac_cv_env_CPP_set=
ac_cv_env_CPP_value=
ac_cv_env_CXXFLAGS_set=
ac_cv_env_CXXFLAGS_value=
ac_cv_env_CXX_set=
ac_cv_env_CXX_value=
ac_cv_env_LDFLAGS_set=
ac_cv_env_LDFLAGS_value=
ac_cv_env_LIBS_set=
ac_cv_env_LIBS_value=
ac_cv_env_PCRE_CFLAGS_set=
ac_cv_env_PCRE_CFLAGS_value=
ac_cv_env_PCRE_CONFIG_set=
ac_cv_env_PCRE_CONFIG_value=
ac_cv_env_PCRE_LIBS_set=
ac_cv_env_PCRE_LIBS_value=
ac_cv_env_YACC_set=
ac_cv_env_YACC_value=
ac_cv_env_YFLAGS_set=
ac_cv_env_YFLAGS_value=
ac_cv_env_build_alias_set=
ac_cv_env_build_alias_value=
ac_cv_env_host_alias_set=
ac_cv_env_host_alias_value=
ac_cv_env_target_alias_set=
ac_cv_env_target_alias_value=
ac_cv_func_popen=yes
ac_cv_header_stdc=yes
ac_cv_host=x86_64-pc-linux-gnu
ac_cv_lib_crypt_crypt=yes
ac_cv_lib_dl_dlopen=yes
ac_cv_lib_dld_shl_load=no
ac_cv_lib_ieee_main=no
ac_cv_lib_swill_swill_init=no
ac_cv_objext=o
ac_cv_path_EGREP='/usr/bin/grep -E'
ac_cv_path_GREP=/usr/bin/grep
ac_cv_path_PCRE_CONFIG=/usr/bin/pcre-config
ac_cv_path_SED=/usr/bin/sed
ac_cv_path_install='/usr/bin/install -c'
ac_cv_path_mkdir=/usr/bin/mkdir
ac_cv_prog_AWK=mawk
ac_cv_prog_CPP='gcc -E'
ac_cv_prog_PERL=perl
ac_cv_prog_PKGCONFIG=pkg-config
ac_cv_prog_PY3CONFIG=python3-config
ac_cv_prog_PYTHON3=python3
ac_cv_prog_YACC='bison -y'
ac_cv_prog_ac_ct_CC=gcc
ac_cv_prog_ac_ct_CXX=g++
ac_cv_prog_cc_c89=
ac_cv_prog_cc_g=yes
ac_cv_prog_cxx_g=yes
ac_cv_prog_make_make_set=yes
ac_cv_search_gethostbyname='none required'
ac_cv_search_socket='none required'
ac_cv_search_t_open=no
am_cv_CC_dependencies_compiler_type=gcc3
am_cv_CXX_dependencies_compiler_type=gcc3
am_cv_make_support_nested_variables=yes
am_cv_prog_cc_c_o=yes

## ----------------- ##
## Output variables. ##
## ----------------- ##

ACLOCAL='${SHELL} /home/pclee/Desktop/workarea/py4-install/swig-3.0.12/Tools/config/missing aclocal-1.16'
ADB=''
ALLEGROCLBIN=''
AMDEPBACKSLASH='\'
AMDEP_FALSE='#'
AMDEP_TRUE=''
AMTAR='$${TAR-tar}'
AM_BACKSLASH='\'
AM_DEFAULT_V='$(AM_DEFAULT_VERBOSITY)'
AM_DEFAULT_VERBOSITY='1'
AM_V='$(V)'
ANDROID=''
ANT=''
AUTOCONF='${SHELL} /home/pclee/Desktop/workarea/py4-install/swig-3.0.12/Tools/config/missing autoconf'
AUTOHEADER='${SHELL} /home/pclee/Desktop/workarea/py4-install/swig-3.0.12/Tools/config/missing autoheader'
AUTOMAKE='${SHELL} /home/pclee/Desktop/workarea/py4-install/swig-3.0.12/Tools/config/missing automake-1.16'
AWK='mawk'
BOOST_CPPFLAGS='-I/include/boost-0'
BOOST_LDFLAGS='-L/lib/x86_64-linux-gnu'
CAMLP4=''
CC='gcc'
CCDEPMODE='depmode=gcc3'
CCSHARED='-fpic'
CFLAGS='-g -O2 -Wall -W -ansi -pedantic'
CHICKEN=''
CHICKENLIB=''
CHICKENOPTS=''
CHICKENSHAREDLIB=''
CHICKEN_CSC=''
CHICKEN_CSI=''
CLISPBIN=''
CPP='gcc -E'
CPPFLAGS=' '
CSHARPCFLAGS=''
CSHARPCILINTERPRETER=''
CSHARPCILINTERPRETER_FLAGS=''
CSHARPCOMPILER=''
CSHARPCONVERTPATH='Tools/convertpath -u'
CSHARPDYNAMICLINKING=''
CSHARPLIBRARYPREFIX='lib'
CSHARPSO='.so'
CXX='g++'
CXXDEPMODE='depmode=gcc3'
CXXFLAGS='-g -O2 -Wall -W -ansi -pedantic'
CXXSHARED='gcc -shared'
CYGPATH_W='echo'
D1COMPILER=''
D2COMPILER=''
DDEFAULTVERSION=''
DEFS='-DHAVE_CONFIG_H'
DEPDIR='.deps'
DLIBPREFIX='lib'
ECHO_C=''
ECHO_N='-n'
ECHO_T=''
EGREP='/usr/bin/grep -E'
ENABLE_CCACHE='1'
EXEEXT=''
EXTRA_CLEAN=''
GCCGO=''
GCCGOOPT=''
GCJ=''
GCJH=''
GO12='false'
GO13='false'
GO15='false'
GO1='false'
GO=''
GOC=''
GOGCC='false'
GOOPT=''
GOVERSIONOPTION=''
GREP='/usr/bin/grep'
GUILE='yes'
GUILE_CFLAGS=''
GUILE_CONFIG=''
GUILE_LIBS=''
GUILE_SO='.so'
HAVE_CXX11_COMPILER=''
INSTALL_DATA='${INSTALL} -m 644'
INSTALL_PROGRAM='${INSTALL}'
INSTALL_SCRIPT='${INSTALL}'
INSTALL_STRIP_PROGRAM='$(install_sh) -c -s'
JAVA=''
JAVAC=''
JAVACFLAGS=''
JAVACXXSHARED='$(CXXSHARED)'
JAVADYNAMICLINKING=''
JAVAFLAGS=''
JAVAINC=''
JAVALDSHARED='$(LDSHARED)'
JAVALIBRARYPREFIX='lib'
JAVASO='.so'
JSCENABLED=''
JSCOREDYNAMICLINKING=''
JSCOREINC=''
JSCOREVERSION=''
JSINTERPRETERCXX='$(CXX)'
JSINTERPRETERLINKFLAGS='-ldl'
JSV8DYNAMICLINKING=''
JSV8ENABLED=''
JSV8INC=''
LDFLAGS=''
LDSHARED='gcc -shared'
LIBC=''
LIBCRYPT='-lcrypt'
LIBM='-lm'
LIBOBJS=''
LIBS='-ldl  -lpcre'
LINKFORSHARED='-Xlinker -export-dynamic'
LTLIBOBJS=''
LUABIN=''
LUADYNAMICLINKING=''
LUAFLAGS=''
LUALINK=''
LUA_SO='.so'
MAKEINFO='${SHELL} /home/pclee/Desktop/workarea/py4-install/swig-3.0.12/Tools/config/missing makeinfo'
MKDIR_P='/usr/bin/mkdir -p'
MZC=''
MZDYNOBJ=''
MZSCHEME=''
MZSCHEME_SO='.so'
NDKBUILD=''
NODEGYP=''
NODEJS=''
OBJEXT='o'
OCAMLC=''
OCAMLDLGEN=''
OCAMLFIND=''
OCAMLMKTOP=''
OCTAVE=''
OCTAVE_CPPFLAGS=''
OCTAVE_CXXFLAGS=''
OCTAVE_LDFLAGS=''
OCTAVE_SO='.oct'
PACKAGE='swig'
PACKAGE_BUGREPORT='http://www.swig.org'
PACKAGE_NAME='swig'
PACKAGE_STRING='swig 3.0.12'
PACKAGE_TARNAME='swig'
PACKAGE_URL=''
PACKAGE_VERSION='3.0.12'
PATH_SEPARATOR=':'
PCRE_CFLAGS=''
PCRE_CONFIG='/usr/bin/pcre-config'
PCRE_LIBS='-lpcre'
PEP8=''
PERL5CCCDLFLAGS='-fPIC'
PERL5CCDLFLAGS='-Wl,-E'
PERL5CCFLAGS='-D_REENTRANT -D_GNU_SOURCE -DDEBIAN -fwrapv -fno-strict-aliasing -pipe -isystem /usr/local/include -D_LARGEFILE_SOURCE -D_FILE_OFFSET_BITS=64'
PERL5DYNAMICLINKING=''
PERL5EXT='/usr/lib/x86_64-linux-gnu/perl/5.30/CORE'
PERL5LDFLAGS=' -fstack-protector-strong -L/usr/local/lib'
PERL5LIB='perl'
PERL='perl'
PHP5=''
PHP5INC=''
PHP5_SO='.so'
PHP=''
PHPINC=''
PHP_SO='.so'
PIKE=''
PIKECCDLFLAGS=''
PIKECONFIG=''
PIKEDYNAMICLINKING=''
PIKEINCLUDE=''
PKGCONFIG='pkg-config'
PLATCFLAGS=''
PLATCXXFLAGS=''
PY3CONFIG='python3-config'
PY3INCLUDE='-I/usr/include/python3.8 -I/usr/include/python3.8'
PY3LIB=''
PY3LINK='-lpython3.8'
PYINCLUDE=''
PYLIB=''
PYLINK=''
PYTHON3='python3'
PYTHON3DYNAMICLINKING=''
PYTHON=''
PYTHONDYNAMICLINKING=''
PYTHON_SO='.so'
RBIN=''
ROOT_DIR='/home/pclee/Desktop/workarea/py4-install/swig-3.0.12'
RPATH='-Xlinker -rpath $(exec_prefix)/lib -Xlinker -rpath .'
RUBY=''
RUBYCCDLFLAGS=''
RUBYDYNAMICLINKING=''
RUBYINCLUDE=''
RUBYLIB=''
RUBYLINK=''
RUBYSO='.so'
SCILAB=''
SCILABINCLUDE=''
SCILABOPT=''
SED='/usr/bin/sed'
SET_MAKE=''
SHELL='/bin/bash'
SKIP_ALLEGROCL='1'
SKIP_ANDROID='1'
SKIP_CFFI='1'
SKIP_CHICKEN='1'
SKIP_CLISP='1'
SKIP_CSHARP='1'
SKIP_D='1'
SKIP_GCJ='1'
SKIP_GO='1'
SKIP_GUILE='1'
SKIP_JAVA='1'
SKIP_JAVASCRIPT='1'
SKIP_LUA='1'
SKIP_MODULA3='1'
SKIP_MZSCHEME='1'
SKIP_OCAML='1'
SKIP_OCTAVE='1'
SKIP_PERL5=''
SKIP_PHP5='1'
SKIP_PHP='1'
SKIP_PIKE='1'
SKIP_PYTHON3=''
SKIP_PYTHON=''
SKIP_R='1'
SKIP_RUBY='1'
SKIP_SCILAB='1'
SKIP_TCL='1'
SKIP_UFFI='1'
SO='.so'
STRIP=''
SWIGLIBS=''
SWIG_LIB='/usr/local/share/swig/3.0.12'
SWIG_LIB_INSTALL='${datarootdir}/swig/3.0.12'
SWIG_LIB_PREINST='/home/pclee/Desktop/workarea/py4-install/swig-3.0.12/Lib'
SWIG_LIB_SET='env SWIG_LIB=$(SWIG_LIB_DIR)'
SWILL=''
TCLCXXSHARED='$(CXXSHARED)'
TCLDYNAMICLINKING=''
TCLINCLUDE=''
TCLLDSHARED='$(LDSHARED)'
TCLLIB=''
TCL_SO='.so'
TRYLINKINGWITHCXX='CXXSHARED= g++ -shared '
VERSION='3.0.12'
YACC='bison -y'
YFLAGS=''
ac_aux_dir='Tools/config'
ac_ct_CC='gcc'
ac_ct_CXX='g++'
am__EXEEXT_FALSE=''
am__EXEEXT_TRUE='#'
am__fastdepCC_FALSE='#'
am__fastdepCC_TRUE=''
am__fastdepCXX_FALSE='#'
am__fastdepCXX_TRUE=''
am__include='include'
am__isrc=''
am__leading_dot='.'
am__nodep='_no'
am__quote=''
am__tar='$${TAR-tar} chof - "$$tardir"'
am__untar='$${TAR-tar} xf -'
bindir='${exec_prefix}/bin'
build='x86_64-pc-linux-gnu'
build_alias=''
build_cpu='x86_64'
build_os='linux-gnu'
build_vendor='pc'
datadir='${datarootdir}'
datarootdir='${prefix}/share'
docdir='${datarootdir}/doc/${PACKAGE_TARNAME}'
dvidir='${docdir}'
exec_prefix='${prefix}'
host='x86_64-pc-linux-gnu'
host_alias=''
host_cpu='x86_64'
host_os='linux-gnu'
host_vendor='pc'
htmldir='${docdir}'
includedir='${prefix}/include'
infodir='${datarootdir}/info'
install_sh='${SHELL} /home/pclee/Desktop/workarea/py4-install/swig-3.0.12/Tools/config/install-sh'
libdir='${exec_prefix}/lib'
libexecdir='${exec_prefix}/libexec'
localedir='${datarootdir}/locale'
localstatedir='${prefix}/var'
mandir='${datarootdir}/man'
mkdir_p='$(MKDIR_P)'
oldincludedir='/usr/include'
pdfdir='${docdir}'
prefix='/usr/local'
program_transform_name='s,x,x,'
psdir='${docdir}'
runstatedir='${localstatedir}/run'
sbindir='${exec_prefix}/sbin'
sharedstatedir='${prefix}/com'
subdirs=' CCache'
sysconfdir='${prefix}/etc'
target_alias=''

## ----------- ##
## confdefs.h. ##
## ----------- ##

/* confdefs.h */
#define PACKAGE_NAME "swig"
#define PACKAGE_TARNAME "swig"
#define PACKAGE_VERSION "3.0.12"
#define PACKAGE_STRING "swig 3.0.12"
#define PACKAGE_BUGREPORT "http://www.swig.org"
#define PACKAGE_URL ""
#define PACKAGE "swig"
#define VERSION "3.0.12"
#define SWIG_CXX "g++"
#define SWIG_PLATFORM "x86_64-pc-linux-gnu"
#define STDC_HEADERS 1
#define HAVE_POPEN 1
#define HAVE_PCRE 1
#define HAVE_LIBDL 1
#define SWIG_LIB "/usr/local/share/swig/3.0.12"
#define SWIG_LIB_WIN_UNIX ""

configure: exit 0
